0 info it worked if it ends with ok
1 verbose cli [ '/root/nvm/v0.8.18/bin/node',
1 verbose cli   '/root/nvm/v0.8.18/bin/npm',
1 verbose cli   'start' ]
2 info using npm@1.2.2
3 info using node@v0.8.18
4 verbose read json /home/ec2-user/dev/pad/package.json
5 warn package.json application-name@0.0.1 No README.md file found!
6 verbose run-script [ 'prestart', 'start', 'poststart' ]
7 info prestart application-name@0.0.1
8 info start application-name@0.0.1
9 verbose unsafe-perm in lifecycle true
10 silly exec sh "-c" "forever -w start app.js"
11 silly sh,-c,forever -w start app.js,/home/ec2-user/dev/pad spawning
12 info application-name@0.0.1 Failed to exec start script
13 error application-name@0.0.1 start: `forever -w start app.js`
13 error `sh "-c" "forever -w start app.js"` failed with 1
14 error Failed at the application-name@0.0.1 start script.
14 error This is most likely a problem with the application-name package,
14 error not with npm itself.
14 error Tell the author that this fails on your system:
14 error     forever -w start app.js
14 error You can get their info via:
14 error     npm owner ls application-name
14 error There is likely additional logging output above.
15 error System Linux 3.2.30-49.59.amzn1.x86_64
16 error command "/root/nvm/v0.8.18/bin/node" "/root/nvm/v0.8.18/bin/npm" "start"
17 error cwd /home/ec2-user/dev/pad
18 error node -v v0.8.18
19 error npm -v 1.2.2
20 error code ELIFECYCLE
21 verbose exit [ 1, true ]
